<?xml version="1.0" encoding="UTF-8"?>
<!-- Generated by org.testng.reporters.JUnitReportReporter -->
<testsuite hostname="LAPTOP-7JLP9E2P" failures="0" tests="2" name="TrackingApp.MilestoneTC" time="2.412" errors="0" timestamp="2024-07-01T18:41:41 IST" skipped="0">
  <testcase classname="TrackingApp.MilestoneTC" name="milestoneFeature" time="1.859"/>
  <system-out/>
  <testcase classname="TrackingApp.MilestoneTC" name="downloadCSV" time="0.553"/>
  <system-out/>
</testsuite> <!-- TrackingApp.MilestoneTC -->
