<?xml version="1.0" encoding="UTF-8"?>
<!-- Generated by org.testng.reporters.JUnitReportReporter -->
<testsuite hostname="LAPTOP-7JLP9E2P" failures="0" tests="7" name="TrackingApp.AddVisitTC" time="25.191" errors="0" timestamp="2024-07-01T18:41:41 IST" skipped="0">
  <testcase classname="TrackingApp.AddVisitTC" name="validMngrLogin" time="1.295"/>
  <system-out/>
  <testcase classname="TrackingApp.AddVisitTC" name="addVisit" time="4.636"/>
  <system-out/>
  <testcase classname="TrackingApp.AddVisitTC" name="duplicateAddVisit" time="5.264"/>
  <system-out/>
  <testcase classname="TrackingApp.AddVisitTC" name="invalidDataAddVisit" time="3.310"/>
  <system-out/>
  <testcase classname="TrackingApp.AddVisitTC" name="emptyFldAddVisit" time="2.602"/>
  <system-out/>
  <testcase classname="TrackingApp.AddVisitTC" name="addContactPerson" time="5.478"/>
  <system-out/>
  <testcase classname="TrackingApp.AddVisitTC" name="visitLogsEexport" time="2.606"/>
  <system-out/>
</testsuite> <!-- TrackingApp.AddVisitTC -->
