<?xml version="1.0" encoding="UTF-8"?>
<!-- Generated by org.testng.reporters.JUnitReportReporter -->
<testsuite hostname="LAPTOP-7JLP9E2P" failures="0" tests="2" name="TrackingApp.MilestoneTC" time="2.230" errors="0" timestamp="2024-07-02T11:53:54 IST" skipped="0">
  <testcase classname="TrackingApp.MilestoneTC" name="milestoneFeature" time="1.746"/>
  <system-out/>
  <testcase classname="TrackingApp.MilestoneTC" name="downloadCSV" time="0.484"/>
  <system-out/>
</testsuite> <!-- TrackingApp.MilestoneTC -->
